TN:
SF:public\assets\icons\bell-o.svg
FNF:0
FNH:0
DA:1,3
LF:1
LH:1
BRF:0
BRH:0
end_of_record
TN:
SF:public\assets\icons\bell.svg
FNF:0
FNH:0
DA:1,3
LF:1
LH:1
BRF:0
BRH:0
end_of_record
TN:
SF:public\assets\icons\bookmark-o.svg
FNF:0
FNH:0
DA:1,3
LF:1
LH:1
BRF:0
BRH:0
end_of_record
TN:
SF:public\assets\icons\bookmark.svg
FNF:0
FNH:0
DA:1,3
LF:1
LH:1
BRF:0
BRH:0
end_of_record
TN:
SF:public\assets\icons\bullet.svg
FNF:0
FNH:0
DA:1,3
LF:1
LH:1
BRF:0
BRH:0
end_of_record
TN:
SF:public\assets\icons\bullet_longread.svg
FNF:0
FNH:0
DA:1,3
LF:1
LH:1
BRF:0
BRH:0
end_of_record
TN:
SF:public\assets\icons\check.svg
FNF:0
FNH:0
DA:1,3
LF:1
LH:1
BRF:0
BRH:0
end_of_record
TN:
SF:public\assets\icons\chevron-down-thin.svg
FNF:0
FNH:0
DA:1,3
LF:1
LH:1
BRF:0
BRH:0
end_of_record
TN:
SF:public\assets\icons\chevron-right.svg
FNF:0
FNH:0
DA:1,3
LF:1
LH:1
BRF:0
BRH:0
end_of_record
TN:
SF:public\assets\icons\chevron-up-thin.svg
FNF:0
FNH:0
DA:1,3
LF:1
LH:1
BRF:0
BRH:0
end_of_record
TN:
SF:public\assets\icons\close.svg
FNF:0
FNH:0
DA:1,3
LF:1
LH:1
BRF:0
BRH:0
end_of_record
TN:
SF:public\assets\icons\down-thin.svg
FNF:0
FNH:0
DA:1,3
LF:1
LH:1
BRF:0
BRH:0
end_of_record
TN:
SF:public\assets\icons\download2.svg
FNF:0
FNH:0
DA:1,3
LF:1
LH:1
BRF:0
BRH:0
end_of_record
TN:
SF:public\assets\icons\envelope.svg
FNF:0
FNH:0
DA:1,3
LF:1
LH:1
BRF:0
BRH:0
end_of_record
TN:
SF:public\assets\icons\expand.svg
FNF:0
FNH:0
DA:1,3
LF:1
LH:1
BRF:0
BRH:0
end_of_record
TN:
SF:public\assets\icons\facebook.svg
FNF:0
FNH:0
DA:1,3
LF:1
LH:1
BRF:0
BRH:0
end_of_record
TN:
SF:public\assets\icons\linkedin.svg
FNF:0
FNH:0
DA:1,3
LF:1
LH:1
BRF:0
BRH:0
end_of_record
TN:
SF:public\assets\icons\logo-fdmg.svg
FNF:0
FNH:0
DA:1,3
LF:1
LH:1
BRF:0
BRH:0
end_of_record
TN:
SF:public\assets\icons\logo.svg
FNF:0
FNH:0
DA:1,3
LF:1
LH:1
BRF:0
BRH:0
end_of_record
TN:
SF:public\assets\icons\minimise.svg
FNF:0
FNH:0
DA:1,3
LF:1
LH:1
BRF:0
BRH:0
end_of_record
TN:
SF:public\assets\icons\newspaper.svg
FNF:0
FNH:0
DA:1,3
LF:1
LH:1
BRF:0
BRH:0
end_of_record
TN:
SF:public\assets\icons\paperclip.svg
FNF:0
FNH:0
DA:1,3
LF:1
LH:1
BRF:0
BRH:0
end_of_record
TN:
SF:public\assets\icons\profile.svg
FNF:0
FNH:0
DA:1,3
LF:1
LH:1
BRF:0
BRH:0
end_of_record
TN:
SF:public\assets\icons\spyglass.svg
FNF:0
FNH:0
DA:1,3
LF:1
LH:1
BRF:0
BRH:0
end_of_record
TN:
SF:public\assets\icons\twitter.svg
FNF:0
FNH:0
DA:1,3
LF:1
LH:1
BRF:0
BRH:0
end_of_record
TN:
SF:public\assets\icons\value-down.svg
FNF:0
FNH:0
DA:1,3
LF:1
LH:1
BRF:0
BRH:0
end_of_record
TN:
SF:public\assets\icons\value-up.svg
FNF:0
FNH:0
DA:1,3
LF:1
LH:1
BRF:0
BRH:0
end_of_record
TN:
SF:public\assets\icons\whatsapp.svg
FNF:0
FNH:0
DA:1,3
LF:1
LH:1
BRF:0
BRH:0
end_of_record
TN:
SF:src\components\button\Button.tsx
FN:19,Button
FN:34,getCssClassNames
FNF:2
FNH:2
FNDA:5,Button
FNDA:1,getCssClassNames
DA:1,1
DA:2,1
DA:20,5
DA:22,5
DA:35,1
DA:38,1
LF:6
LH:6
BRDA:20,0,0,1
BRDA:20,0,1,4
BRDA:26,1,0,0
BRDA:26,1,1,5
BRF:4
BRH:3
end_of_record
TN:
SF:src\components\button\ButtonCta.tsx
FN:19,ButtonCta
FN:34,getCssClassNames
FNF:2
FNH:2
FNDA:5,ButtonCta
FNDA:1,getCssClassNames
DA:1,1
DA:2,1
DA:20,5
DA:22,5
DA:35,1
DA:38,1
LF:6
LH:6
BRDA:20,0,0,2
BRDA:20,0,1,3
BRDA:26,1,0,0
BRDA:26,1,1,5
BRF:4
BRH:3
end_of_record
TN:
SF:src\components\button\ButtonFollow.tsx
FN:23,ButtonFollow
FN:48,getCssClassNames
FNF:2
FNH:2
FNDA:4,ButtonFollow
FNDA:1,getCssClassNames
DA:1,1
DA:2,1
DA:24,4
DA:49,1
DA:52,1
LF:5
LH:5
BRDA:29,0,0,0
BRDA:29,0,1,4
BRDA:30,1,0,0
BRDA:30,1,1,4
BRDA:33,2,0,0
BRDA:33,2,1,4
BRDA:33,3,0,4
BRDA:33,3,1,4
BRDA:34,4,0,0
BRDA:34,4,1,4
BRDA:34,5,0,4
BRDA:34,5,1,4
BRDA:38,6,0,0
BRDA:38,6,1,4
BRDA:38,7,0,4
BRDA:38,7,1,4
BRDA:41,8,0,0
BRDA:41,8,1,4
BRDA:41,9,0,4
BRDA:41,9,1,4
BRF:20
BRH:14
end_of_record
TN:
SF:src\components\button\ButtonGhost.tsx
FN:19,ButtonGhost
FN:34,getCssClassNames
FNF:2
FNH:2
FNDA:5,ButtonGhost
FNDA:1,getCssClassNames
DA:1,1
DA:2,1
DA:20,5
DA:22,5
DA:35,1
DA:38,1
LF:6
LH:6
BRDA:20,0,0,1
BRDA:20,0,1,4
BRDA:26,1,0,0
BRDA:26,1,1,5
BRF:4
BRH:3
end_of_record
TN:
SF:src\components\input\BreakingSwitch.tsx
FN:15,BreakingSwitch
FN:72,getCssClassNames
FNF:2
FNH:2
FNDA:3,BreakingSwitch
FNDA:1,getCssClassNames
DA:1,1
DA:2,1
DA:3,1
DA:15,1
DA:16,3
DA:73,1
DA:76,1
LF:7
LH:7
BRDA:20,0,0,2
BRDA:20,0,1,1
BRDA:23,1,0,2
BRDA:23,1,1,1
BRDA:27,2,0,0
BRDA:27,2,1,3
BRDA:34,3,0,0
BRDA:34,3,1,3
BRDA:39,4,0,0
BRDA:39,4,1,3
BRDA:50,5,0,0
BRDA:50,5,1,3
BRF:12
BRH:8
end_of_record
TN:
SF:src\components\input\Checkbox.tsx
FN:38,Checkbox
FN:59,getCssClassNames
FNF:2
FNH:2
FNDA:5,Checkbox
FNDA:1,getCssClassNames
DA:1,1
DA:2,1
DA:38,1
DA:39,5
DA:60,1
DA:63,1
LF:6
LH:6
BRDA:42,0,0,4
BRDA:42,0,1,1
BRDA:49,1,0,2
BRDA:49,1,1,3
BRDA:50,2,0,1
BRDA:50,2,1,4
BRF:6
BRH:6
end_of_record
TN:
SF:src\components\input\Radio.tsx
FN:39,Radio
FN:68,getCssClassNames
FNF:2
FNH:2
FNDA:6,Radio
FNDA:1,getCssClassNames
DA:1,1
DA:2,1
DA:47,6
DA:48,36
DA:50,6
DA:69,1
DA:72,1
LF:7
LH:7
BRDA:52,0,0,4
BRDA:52,0,1,2
BRDA:58,1,0,4
BRDA:58,1,1,2
BRF:4
BRH:4
end_of_record
TN:
SF:src\components\input\Switch.tsx
FN:38,Switch
FN:72,getCssClassNames
FNF:2
FNH:2
FNDA:5,Switch
FNDA:1,getCssClassNames
DA:1,1
DA:2,1
DA:46,5
DA:47,30
DA:49,5
DA:73,1
DA:76,1
LF:7
LH:7
BRDA:52,0,0,4
BRDA:52,0,1,1
BRDA:60,1,0,2
BRDA:60,1,1,3
BRDA:61,2,0,1
BRDA:61,2,1,4
BRF:6
BRH:6
end_of_record
TN:
SF:src\components\input\TextArea.tsx
FN:107,TextArea
FN:118,(anonymous_11)
FN:127,store
FN:135,checkValue
FN:149,handleInvalid
FN:202,getCssClassNames
FNF:6
FNH:5
FNDA:9,TextArea
FNDA:5,(anonymous_11)
FNDA:2,store
FNDA:2,checkValue
FNDA:0,handleInvalid
FNDA:1,getCssClassNames
DA:1,1
DA:2,1
DA:3,1
DA:4,1
DA:108,9
DA:109,8
DA:110,8
DA:114,8
DA:118,8
DA:119,5
DA:122,5
DA:123,3
DA:128,2
DA:129,1
DA:131,1
DA:136,2
DA:137,2
DA:138,1
DA:139,1
DA:141,1
DA:143,2
DA:144,2
DA:145,2
DA:150,0
DA:155,8
DA:203,1
DA:206,1
LF:27
LH:26
BRDA:108,0,0,2
BRDA:108,0,1,6
BRDA:108,1,0,9
BRDA:108,1,1,8
BRDA:109,2,0,1
BRDA:109,2,1,7
BRDA:109,3,0,8
BRDA:109,3,1,8
BRDA:111,4,0,0
BRDA:111,4,1,8
BRDA:115,5,0,0
BRDA:115,5,1,8
BRDA:120,6,0,1
BRDA:120,6,1,4
BRDA:121,7,0,4
BRDA:121,7,1,2
BRDA:122,8,0,3
BRDA:122,8,1,2
BRDA:128,9,0,1
BRDA:128,9,1,1
BRDA:137,10,0,1
BRDA:137,10,1,1
BRDA:143,11,0,2
BRDA:143,11,1,0
BRDA:143,12,0,2
BRDA:143,12,1,2
BRDA:143,13,0,0
BRDA:143,13,1,2
BRDA:143,14,0,2
BRDA:143,14,1,2
BRDA:144,15,0,2
BRDA:144,15,1,0
BRDA:158,16,0,3
BRDA:158,16,1,5
BRDA:166,17,0,3
BRDA:166,17,1,5
BRDA:166,18,0,8
BRDA:166,18,1,8
BRDA:168,19,0,0
BRDA:168,19,1,8
BRDA:174,20,0,8
BRDA:174,20,1,0
BRDA:174,21,0,8
BRDA:174,21,1,8
BRDA:174,22,0,1
BRDA:174,22,1,7
BRDA:174,23,0,8
BRDA:174,23,1,8
BRDA:179,24,0,1
BRDA:179,24,1,7
BRDA:180,25,0,8
BRDA:180,25,1,0
BRDA:180,26,0,8
BRDA:180,26,1,8
BRDA:180,27,0,8
BRDA:180,27,1,0
BRDA:180,28,0,8
BRDA:180,28,1,8
BRDA:183,29,0,8
BRDA:183,29,1,0
BRDA:183,30,0,8
BRDA:183,30,1,8
BRF:62
BRH:52
end_of_record
TN:
SF:src\components\input\TextInput.tsx
FN:121,(anonymous_10)
FN:126,TextInput
FN:130,(anonymous_12)
FN:139,(anonymous_13)
FN:145,store
FN:153,checkValue
FN:169,handleInvalid
FN:224,getCssClassNames
FNF:8
FNH:7
FNDA:1,(anonymous_10)
FNDA:13,TextInput
FNDA:5,(anonymous_12)
FNDA:5,(anonymous_13)
FNDA:2,store
FNDA:2,checkValue
FNDA:0,handleInvalid
FNDA:1,getCssClassNames
DA:1,1
DA:2,1
DA:3,1
DA:121,1
DA:122,1
DA:123,1
DA:127,13
DA:128,12
DA:130,12
DA:131,5
DA:134,5
DA:135,3
DA:139,12
DA:140,5
DA:141,5
DA:146,2
DA:147,1
DA:149,1
DA:154,2
DA:155,2
DA:156,1
DA:157,1
DA:159,1
DA:161,2
DA:162,0
DA:164,2
DA:165,2
DA:170,0
DA:175,12
DA:225,1
DA:228,1
LF:31
LH:29
BRDA:121,0,0,1
BRDA:121,0,1,1
BRDA:128,1,0,2
BRDA:128,1,1,10
BRDA:128,2,0,12
BRDA:128,2,1,12
BRDA:132,3,0,1
BRDA:132,3,1,4
BRDA:133,4,0,4
BRDA:133,4,1,2
BRDA:134,5,0,3
BRDA:134,5,1,2
BRDA:140,6,0,5
BRDA:140,6,1,0
BRDA:146,7,0,1
BRDA:146,7,1,1
BRDA:155,8,0,1
BRDA:155,8,1,1
BRDA:161,9,0,0
BRDA:161,9,1,2
BRDA:164,10,0,2
BRDA:164,10,1,0
BRDA:178,11,0,6
BRDA:178,11,1,6
BRDA:186,12,0,6
BRDA:186,12,1,6
BRDA:186,13,0,12
BRDA:186,13,1,12
BRDA:188,14,0,0
BRDA:188,14,1,12
BRDA:188,15,0,12
BRDA:188,15,1,12
BRDA:198,16,0,12
BRDA:198,16,1,0
BRDA:198,17,0,12
BRDA:198,17,1,12
BRDA:198,18,0,2
BRDA:198,18,1,10
BRDA:198,19,0,12
BRDA:198,19,1,12
BRDA:201,20,0,2
BRDA:201,20,1,10
BRDA:202,21,0,12
BRDA:202,21,1,0
BRDA:202,22,0,12
BRDA:202,22,1,12
BRDA:202,23,0,12
BRDA:202,23,1,0
BRDA:202,24,0,12
BRDA:202,24,1,12
BRDA:205,25,0,12
BRDA:205,25,1,0
BRDA:205,26,0,12
BRDA:205,26,1,12
BRDA:212,27,0,12
BRDA:212,27,1,0
BRDA:211,28,0,12
BRDA:211,28,1,12
BRF:58
BRH:49
end_of_record
TN:
SF:src\design-tokens\icons.ts
FN:1,(anonymous_1)
FN:2,(anonymous_2)
FN:3,(anonymous_3)
FN:4,(anonymous_4)
FN:5,(anonymous_5)
FN:6,(anonymous_6)
FN:7,(anonymous_7)
FN:8,(anonymous_8)
FN:9,(anonymous_9)
FN:10,(anonymous_10)
FN:11,(anonymous_11)
FN:12,(anonymous_12)
FN:13,(anonymous_13)
FN:14,(anonymous_14)
FN:15,(anonymous_15)
FN:16,(anonymous_16)
FN:17,(anonymous_17)
FN:18,(anonymous_18)
FN:19,(anonymous_19)
FN:20,(anonymous_20)
FN:21,(anonymous_21)
FN:22,(anonymous_22)
FN:23,(anonymous_23)
FN:24,(anonymous_24)
FN:25,(anonymous_25)
FN:26,(anonymous_26)
FN:28,(anonymous_27)
FN:29,(anonymous_28)
FNF:28
FNH:2
FNDA:0,(anonymous_1)
FNDA:0,(anonymous_2)
FNDA:0,(anonymous_3)
FNDA:0,(anonymous_4)
FNDA:0,(anonymous_5)
FNDA:0,(anonymous_6)
FNDA:23,(anonymous_7)
FNDA:0,(anonymous_8)
FNDA:0,(anonymous_9)
FNDA:0,(anonymous_10)
FNDA:3,(anonymous_11)
FNDA:0,(anonymous_12)
FNDA:0,(anonymous_13)
FNDA:0,(anonymous_14)
FNDA:0,(anonymous_15)
FNDA:0,(anonymous_16)
FNDA:0,(anonymous_17)
FNDA:0,(anonymous_18)
FNDA:0,(anonymous_19)
FNDA:0,(anonymous_20)
FNDA:0,(anonymous_21)
FNDA:0,(anonymous_22)
FNDA:0,(anonymous_23)
FNDA:0,(anonymous_24)
FNDA:0,(anonymous_25)
FNDA:0,(anonymous_26)
FNDA:0,(anonymous_27)
FNDA:0,(anonymous_28)
DA:1,3
DA:2,3
DA:3,3
DA:4,3
DA:5,3
DA:6,3
DA:7,26
DA:8,3
DA:9,3
DA:10,3
DA:11,6
DA:12,3
DA:13,3
DA:14,3
DA:15,3
DA:16,3
DA:17,3
DA:18,3
DA:19,3
DA:20,3
DA:21,3
DA:22,3
DA:23,3
DA:24,3
DA:25,3
DA:26,3
DA:28,3
DA:29,3
LF:28
LH:28
BRF:0
BRH:0
end_of_record
TN:
SF:src\utils\words.tsx
FN:1,(anonymous_0)
FNF:1
FNH:0
FNDA:0,(anonymous_0)
DA:1,1
DA:2,0
LF:2
LH:1
BRDA:3,0,0,0
BRDA:3,0,1,0
BRDA:2,1,0,0
BRDA:2,1,1,0
BRDA:4,2,0,0
BRDA:4,2,1,0
BRDA:4,3,0,0
BRDA:4,3,1,0
BRDA:4,4,0,0
BRDA:4,4,1,0
BRDA:4,5,0,0
BRDA:4,5,1,0
BRF:12
BRH:0
end_of_record
